0 info it worked if it ends with ok
1 verbose cli [ '/usr/local/Cellar/node/5.7.0/bin/node',
1 verbose cli   '/usr/local/bin/npm',
1 verbose cli   'run',
1 verbose cli   'lint' ]
2 info using npm@3.6.0
3 info using node@v5.7.0
4 verbose run-script [ 'prelint', 'lint', 'postlint' ]
5 info lifecycle client-oauth2@2.2.0~prelint: client-oauth2@2.2.0
6 silly lifecycle client-oauth2@2.2.0~prelint: no script for prelint, continuing
7 info lifecycle client-oauth2@2.2.0~lint: client-oauth2@2.2.0
8 verbose lifecycle client-oauth2@2.2.0~lint: unsafe-perm in lifecycle true
9 verbose lifecycle client-oauth2@2.2.0~lint: PATH: /usr/local/lib/node_modules/npm/bin/node-gyp-bin:/Users/erol/Dropbox/code/area/js-client-oauth2/node_modules/.bin:/Users/erol/Dropbox/code/python-envs/area-ansible/bin:/Users/erol/Software/go_appengine:/usr/local/sbin:~/scripts:/Users/erol/code/go/bin:/usr/local/terraform:/usr/local/packer:/usr/local/facter:./node_modules/.bin:/usr/local/bin:/usr/local/bin:/usr/bin:/bin:/usr/sbin:/sbin:/opt/X11/bin:/usr/local/MacGPG2/bin:/usr/local/sbin
10 verbose lifecycle client-oauth2@2.2.0~lint: CWD: /Users/erol/Dropbox/code/area/js-client-oauth2
11 silly lifecycle client-oauth2@2.2.0~lint: Args: [ '-c', 'standard' ]
12 silly lifecycle client-oauth2@2.2.0~lint: Returned: code: 1  signal: null
13 info lifecycle client-oauth2@2.2.0~lint: Failed to exec lint script
14 verbose stack Error: client-oauth2@2.2.0 lint: `standard`
14 verbose stack Exit status 1
14 verbose stack     at EventEmitter.<anonymous> (/usr/local/lib/node_modules/npm/lib/utils/lifecycle.js:232:16)
14 verbose stack     at emitTwo (events.js:100:13)
14 verbose stack     at EventEmitter.emit (events.js:185:7)
14 verbose stack     at ChildProcess.<anonymous> (/usr/local/lib/node_modules/npm/lib/utils/spawn.js:24:14)
14 verbose stack     at emitTwo (events.js:100:13)
14 verbose stack     at ChildProcess.emit (events.js:185:7)
14 verbose stack     at maybeClose (internal/child_process.js:827:16)
14 verbose stack     at Process.ChildProcess._handle.onexit (internal/child_process.js:211:5)
15 verbose pkgid client-oauth2@2.2.0
16 verbose cwd /Users/erol/Dropbox/code/area/js-client-oauth2
17 error Darwin 15.6.0
18 error argv "/usr/local/Cellar/node/5.7.0/bin/node" "/usr/local/bin/npm" "run" "lint"
19 error node v5.7.0
20 error npm  v3.6.0
21 error code ELIFECYCLE
22 error client-oauth2@2.2.0 lint: `standard`
22 error Exit status 1
23 error Failed at the client-oauth2@2.2.0 lint script 'standard'.
23 error Make sure you have the latest version of node.js and npm installed.
23 error If you do, this is most likely a problem with the client-oauth2 package,
23 error not with npm itself.
23 error Tell the author that this fails on your system:
23 error     standard
23 error You can get information on how to open an issue for this project with:
23 error     npm bugs client-oauth2
23 error Or if that isn't available, you can get their info via:
23 error     npm owner ls client-oauth2
23 error There is likely additional logging output above.
24 verbose exit [ 1, true ]
